Database connection established ✓
Geometry columns renamed to 'geom'.
Processing gis_osm_buildings_a_free_1.geojson
Table gis_osm_buildings_a_free_1 exists, analyzing differences...
Found 0 new geometries, 0 updated geometries, and 109180 identical geometries. Skipping identical geometries...
Processing gis_osm_landuse_a_free_1.geojson
Table gis_osm_landuse_a_free_1 exists, analyzing differences...
Found 0 new geometries, 0 updated geometries, and 5871 identical geometries. Skipping identical geometries...
Processing gis_osm_natural_free_1.geojson
Table gis_osm_natural_free_1 exists, analyzing differences...
Found 0 new geometries, 0 updated geometries, and 41186 identical geometries. Skipping identical geometries...
Processing gis_osm_places_a_free_1.geojson
Table gis_osm_places_a_free_1 exists, analyzing differences...
Found 0 new geometries, 0 updated geometries, and 44 identical geometries. Skipping identical geometries...
Processing gis_osm_places_free_1.geojson
Table gis_osm_places_free_1 exists, analyzing differences...
Found 0 new geometries, 0 updated geometries, and 372 identical geometries. Skipping identical geometries...
Processing gis_osm_pofw_a_free_1.geojson
Table gis_osm_pofw_a_free_1 exists, analyzing differences...
Found 0 new geometries, 0 updated geometries, and 95 identical geometries. Skipping identical geometries...
Processing gis_osm_pois_a_free_1.geojson
Table gis_osm_pois_a_free_1 exists, analyzing differences...
Found 0 new geometries, 0 updated geometries, and 3492 identical geometries. Skipping identical geometries...
Processing gis_osm_pois_free_1.geojson
Table gis_osm_pois_free_1 exists, analyzing differences...
Found 0 new geometries, 0 updated geometries, and 12920 identical geometries. Skipping identical geometries...
Processing gis_osm_railways_free_1.geojson
Table gis_osm_railways_free_1 exists, analyzing differences...
Found 0 new geometries, 0 updated geometries, and 1882 identical geometries. Skipping identical geometries...
Processing gis_osm_roads_free_1.geojson
Table gis_osm_roads_free_1 exists, analyzing differences...
Found 0 new geometries, 0 updated geometries, and 75597 identical geometries. Skipping identical geometries...
Processing gis_osm_traffic_a_free_1.geojson
Table gis_osm_traffic_a_free_1 exists, analyzing differences...
Found 0 new geometries, 0 updated geometries, and 3201 identical geometries. Skipping identical geometries...
Processing gis_osm_traffic_free_1.geojson
Table gis_osm_traffic_free_1 exists, analyzing differences...
Found 0 new geometries, 0 updated geometries, and 10791 identical geometries. Skipping identical geometries...
Processing gis_osm_transport_a_free_1.geojson
Table gis_osm_transport_a_free_1 exists, analyzing differences...
Found 0 new geometries, 0 updated geometries, and 3 identical geometries. Skipping identical geometries...
Processing gis_osm_transport_free_1.geojson
Table gis_osm_transport_free_1 exists, analyzing differences...
Found 0 new geometries, 0 updated geometries, and 1735 identical geometries. Skipping identical geometries...
Processing gis_osm_waterways_free_1.geojson
Table gis_osm_waterways_free_1 exists, analyzing differences...
Found 0 new geometries, 0 updated geometries, and 1177 identical geometries. Skipping identical geometries...
Processing gis_osm_water_a_free_1.geojson
Table gis_osm_water_a_free_1 exists, analyzing differences...
Found 0 new geometries, 0 updated geometries, and 623 identical geometries. Skipping identical geometries...
All tasks completed ✓
Database connection established ✓
Geometry columns renamed to 'geom'.
Processing gis_osm_buildings_a_free_1.geojson
Table gis_osm_buildings_a_free_1 exists, analyzing differences...
Found 0 new geometries, 0 updated geometries, and 109180 identical geometries. Skipping identical geometries...
Processing gis_osm_landuse_a_free_1.geojson
Table gis_osm_landuse_a_free_1 exists, analyzing differences...
Found 0 new geometries, 0 updated geometries, and 5871 identical geometries. Skipping identical geometries...
Processing gis_osm_natural_free_1.geojson
Table gis_osm_natural_free_1 exists, analyzing differences...
Found 0 new geometries, 0 updated geometries, and 41186 identical geometries. Skipping identical geometries...
Processing gis_osm_places_a_free_1.geojson
Table gis_osm_places_a_free_1 exists, analyzing differences...
Found 0 new geometries, 0 updated geometries, and 44 identical geometries. Skipping identical geometries...
Processing gis_osm_places_free_1.geojson
Table gis_osm_places_free_1 exists, analyzing differences...
Found 0 new geometries, 0 updated geometries, and 372 identical geometries. Skipping identical geometries...
Processing gis_osm_pofw_a_free_1.geojson
Table gis_osm_pofw_a_free_1 exists, analyzing differences...
Found 0 new geometries, 0 updated geometries, and 95 identical geometries. Skipping identical geometries...
Processing gis_osm_pois_a_free_1.geojson
Table gis_osm_pois_a_free_1 exists, analyzing differences...
Found 0 new geometries, 0 updated geometries, and 3492 identical geometries. Skipping identical geometries...
Processing gis_osm_pois_free_1.geojson
Table gis_osm_pois_free_1 exists, analyzing differences...
Found 0 new geometries, 0 updated geometries, and 12920 identical geometries. Skipping identical geometries...
Processing gis_osm_railways_free_1.geojson
Table gis_osm_railways_free_1 exists, analyzing differences...
Found 0 new geometries, 0 updated geometries, and 1882 identical geometries. Skipping identical geometries...
Processing gis_osm_roads_free_1.geojson
Table gis_osm_roads_free_1 exists, analyzing differences...
Found 0 new geometries, 0 updated geometries, and 75597 identical geometries. Skipping identical geometries...
Processing gis_osm_traffic_a_free_1.geojson
Table gis_osm_traffic_a_free_1 exists, analyzing differences...
Found 0 new geometries, 0 updated geometries, and 3201 identical geometries. Skipping identical geometries...
Processing gis_osm_traffic_free_1.geojson
Table gis_osm_traffic_free_1 exists, analyzing differences...
Found 0 new geometries, 0 updated geometries, and 10791 identical geometries. Skipping identical geometries...
Processing gis_osm_transport_a_free_1.geojson
Table gis_osm_transport_a_free_1 exists, analyzing differences...
Found 0 new geometries, 0 updated geometries, and 3 identical geometries. Skipping identical geometries...
Processing gis_osm_transport_free_1.geojson
Table gis_osm_transport_free_1 exists, analyzing differences...
Found 0 new geometries, 0 updated geometries, and 1735 identical geometries. Skipping identical geometries...
Processing gis_osm_waterways_free_1.geojson
Table gis_osm_waterways_free_1 exists, analyzing differences...
Found 0 new geometries, 0 updated geometries, and 1177 identical geometries. Skipping identical geometries...
Processing gis_osm_water_a_free_1.geojson
Table gis_osm_water_a_free_1 exists, analyzing differences...
Found 0 new geometries, 0 updated geometries, and 623 identical geometries. Skipping identical geometries...
All tasks completed ✓
Summary of tasks: 0 new geometries added, 0 geometries updated, 0 duplicate geometries skipped
All tasks completed ✓
Database connection established ✓
Geometry columns renamed to 'geom'.
Processing gis_osm_buildings_a_free_1.geojson
Table gis_osm_buildings_a_free_1 exists, analyzing differences...
Found 0 new geometries, 0 updated geometries, and 109180 identical geometries. Skipping identical geometries...
Processing gis_osm_landuse_a_free_1.geojson
Table gis_osm_landuse_a_free_1 exists, analyzing differences...
Found 0 new geometries, 0 updated geometries, and 5871 identical geometries. Skipping identical geometries...
Processing gis_osm_natural_free_1.geojson
Table gis_osm_natural_free_1 exists, analyzing differences...
Found 0 new geometries, 0 updated geometries, and 41186 identical geometries. Skipping identical geometries...
Processing gis_osm_places_a_free_1.geojson
Table gis_osm_places_a_free_1 exists, analyzing differences...
Found 0 new geometries, 0 updated geometries, and 44 identical geometries. Skipping identical geometries...
Processing gis_osm_places_free_1.geojson
Table gis_osm_places_free_1 exists, analyzing differences...
Found 0 new geometries, 0 updated geometries, and 372 identical geometries. Skipping identical geometries...
Processing gis_osm_pofw_a_free_1.geojson
Table gis_osm_pofw_a_free_1 exists, analyzing differences...
Found 0 new geometries, 0 updated geometries, and 95 identical geometries. Skipping identical geometries...
Processing gis_osm_pois_a_free_1.geojson
Table gis_osm_pois_a_free_1 exists, analyzing differences...
Found 0 new geometries, 0 updated geometries, and 3492 identical geometries. Skipping identical geometries...
Processing gis_osm_pois_free_1.geojson
Table gis_osm_pois_free_1 exists, analyzing differences...
Found 0 new geometries, 0 updated geometries, and 12920 identical geometries. Skipping identical geometries...
Processing gis_osm_railways_free_1.geojson
Table gis_osm_railways_free_1 exists, analyzing differences...
Found 0 new geometries, 0 updated geometries, and 1882 identical geometries. Skipping identical geometries...
Processing gis_osm_roads_free_1.geojson
Table gis_osm_roads_free_1 exists, analyzing differences...
Found 0 new geometries, 0 updated geometries, and 75597 identical geometries. Skipping identical geometries...
Processing gis_osm_traffic_a_free_1.geojson
Table gis_osm_traffic_a_free_1 exists, analyzing differences...
Found 0 new geometries, 0 updated geometries, and 3201 identical geometries. Skipping identical geometries...
Processing gis_osm_traffic_free_1.geojson
Table gis_osm_traffic_free_1 exists, analyzing differences...
Found 0 new geometries, 0 updated geometries, and 10791 identical geometries. Skipping identical geometries...
Processing gis_osm_transport_a_free_1.geojson
Table gis_osm_transport_a_free_1 exists, analyzing differences...
Found 0 new geometries, 0 updated geometries, and 3 identical geometries. Skipping identical geometries...
Processing gis_osm_transport_free_1.geojson
Table gis_osm_transport_free_1 exists, analyzing differences...
Found 0 new geometries, 0 updated geometries, and 1735 identical geometries. Skipping identical geometries...
Processing gis_osm_waterways_free_1.geojson
Table gis_osm_waterways_free_1 exists, analyzing differences...
Found 0 new geometries, 0 updated geometries, and 1177 identical geometries. Skipping identical geometries...
Processing gis_osm_water_a_free_1.geojson
Table gis_osm_water_a_free_1 exists, analyzing differences...
Found 0 new geometries, 0 updated geometries, and 623 identical geometries. Skipping identical geometries...
All tasks completed ✓
Summary of tasks: 0 new geometries added, 0 geometries updated, 268,169 duplicate geometries skipped
All tasks completed ✓
Database connection established ✓
Geometry columns renamed to 'geom'.
Processing gis_osm_buildings_a_free_1.geojson
Table gis_osm_buildings_a_free_1 exists, analyzing differences...
Found 0 new geometries, 0 updated geometries, and 109180 identical geometries. Skipping identical geometries...
Processing gis_osm_landuse_a_free_1.geojson
Table gis_osm_landuse_a_free_1 exists, analyzing differences...
Found 0 new geometries, 0 updated geometries, and 5871 identical geometries. Skipping identical geometries...
Processing gis_osm_natural_free_1.geojson
Table gis_osm_natural_free_1 exists, analyzing differences...
Found 0 new geometries, 0 updated geometries, and 41186 identical geometries. Skipping identical geometries...
Processing gis_osm_places_a_free_1.geojson
Table gis_osm_places_a_free_1 exists, analyzing differences...
Found 0 new geometries, 0 updated geometries, and 44 identical geometries. Skipping identical geometries...
Processing gis_osm_places_free_1.geojson
Table gis_osm_places_free_1 exists, analyzing differences...
Found 0 new geometries, 0 updated geometries, and 372 identical geometries. Skipping identical geometries...
Processing gis_osm_pofw_a_free_1.geojson
Table gis_osm_pofw_a_free_1 exists, analyzing differences...
Found 0 new geometries, 0 updated geometries, and 95 identical geometries. Skipping identical geometries...
Processing gis_osm_pois_a_free_1.geojson
Table gis_osm_pois_a_free_1 exists, analyzing differences...
Found 0 new geometries, 0 updated geometries, and 3492 identical geometries. Skipping identical geometries...
Processing gis_osm_pois_free_1.geojson
Table gis_osm_pois_free_1 exists, analyzing differences...
Found 0 new geometries, 0 updated geometries, and 12920 identical geometries. Skipping identical geometries...
Processing gis_osm_railways_free_1.geojson
Table gis_osm_railways_free_1 exists, analyzing differences...
Found 0 new geometries, 0 updated geometries, and 1882 identical geometries. Skipping identical geometries...
Processing gis_osm_roads_free_1.geojson
Table gis_osm_roads_free_1 exists, analyzing differences...
Found 0 new geometries, 0 updated geometries, and 75597 identical geometries. Skipping identical geometries...
Processing gis_osm_traffic_a_free_1.geojson
Table gis_osm_traffic_a_free_1 exists, analyzing differences...
Found 0 new geometries, 0 updated geometries, and 3201 identical geometries. Skipping identical geometries...
Processing gis_osm_traffic_free_1.geojson
Table gis_osm_traffic_free_1 exists, analyzing differences...
Found 0 new geometries, 0 updated geometries, and 10791 identical geometries. Skipping identical geometries...
Processing gis_osm_transport_a_free_1.geojson
Table gis_osm_transport_a_free_1 exists, analyzing differences...
Found 0 new geometries, 0 updated geometries, and 3 identical geometries. Skipping identical geometries...
Processing gis_osm_transport_free_1.geojson
Table gis_osm_transport_free_1 exists, analyzing differences...
Found 0 new geometries, 0 updated geometries, and 1735 identical geometries. Skipping identical geometries...
Processing gis_osm_waterways_free_1.geojson
Table gis_osm_waterways_free_1 exists, analyzing differences...
Found 0 new geometries, 0 updated geometries, and 1177 identical geometries. Skipping identical geometries...
Processing gis_osm_water_a_free_1.geojson
Table gis_osm_water_a_free_1 exists, analyzing differences...
Found 0 new geometries, 0 updated geometries, and 623 identical geometries. Skipping identical geometries...
All tasks completed ✓
Summary of tasks: 0 new geometries added, 0 geometries updated, 268,169 duplicate geometries skipped
Database connection established ✓
Geometry columns renamed to 'geom'.
Processing gis_osm_buildings_a_free_1.geojson
Table gis_osm_buildings_a_free_1 exists, analyzing differences...
Found [32m0 new geometries[0m, [33m0 updated geometries[0m, and [34m109180 identical geometries[0m. Skipping identical geometries...
Processing gis_osm_landuse_a_free_1.geojson
Table gis_osm_landuse_a_free_1 exists, analyzing differences...
Found [32m0 new geometries[0m, [33m0 updated geometries[0m, and [34m5871 identical geometries[0m. Skipping identical geometries...
Processing gis_osm_natural_free_1.geojson
Table gis_osm_natural_free_1 exists, analyzing differences...
Found [32m0 new geometries[0m, [33m0 updated geometries[0m, and [34m41186 identical geometries[0m. Skipping identical geometries...
Processing gis_osm_places_a_free_1.geojson
Table gis_osm_places_a_free_1 exists, analyzing differences...
Found [32m0 new geometries[0m, [33m0 updated geometries[0m, and [34m44 identical geometries[0m. Skipping identical geometries...
Processing gis_osm_places_free_1.geojson
Table gis_osm_places_free_1 exists, analyzing differences...
Found [32m0 new geometries[0m, [33m0 updated geometries[0m, and [34m372 identical geometries[0m. Skipping identical geometries...
Processing gis_osm_pofw_a_free_1.geojson
Table gis_osm_pofw_a_free_1 exists, analyzing differences...
Found [32m0 new geometries[0m, [33m0 updated geometries[0m, and [34m95 identical geometries[0m. Skipping identical geometries...
Processing gis_osm_pois_a_free_1.geojson
Table gis_osm_pois_a_free_1 exists, analyzing differences...
Found [32m0 new geometries[0m, [33m0 updated geometries[0m, and [34m3492 identical geometries[0m. Skipping identical geometries...
Processing gis_osm_pois_free_1.geojson
Table gis_osm_pois_free_1 exists, analyzing differences...
Found [32m0 new geometries[0m, [33m0 updated geometries[0m, and [34m12920 identical geometries[0m. Skipping identical geometries...
Processing gis_osm_railways_free_1.geojson
Table gis_osm_railways_free_1 exists, analyzing differences...
Found [32m0 new geometries[0m, [33m0 updated geometries[0m, and [34m1882 identical geometries[0m. Skipping identical geometries...
Processing gis_osm_roads_free_1.geojson
Table gis_osm_roads_free_1 exists, analyzing differences...
Found [32m0 new geometries[0m, [33m0 updated geometries[0m, and [34m75597 identical geometries[0m. Skipping identical geometries...
Processing gis_osm_traffic_a_free_1.geojson
Table gis_osm_traffic_a_free_1 exists, analyzing differences...
Found [32m0 new geometries[0m, [33m0 updated geometries[0m, and [34m3201 identical geometries[0m. Skipping identical geometries...
Processing gis_osm_traffic_free_1.geojson
Table gis_osm_traffic_free_1 exists, analyzing differences...
Found [32m0 new geometries[0m, [33m0 updated geometries[0m, and [34m10791 identical geometries[0m. Skipping identical geometries...
Processing gis_osm_transport_a_free_1.geojson
Table gis_osm_transport_a_free_1 exists, analyzing differences...
Found [32m0 new geometries[0m, [33m0 updated geometries[0m, and [34m3 identical geometries[0m. Skipping identical geometries...
Processing gis_osm_transport_free_1.geojson
Table gis_osm_transport_free_1 exists, analyzing differences...
Found [32m0 new geometries[0m, [33m0 updated geometries[0m, and [34m1735 identical geometries[0m. Skipping identical geometries...
Processing gis_osm_waterways_free_1.geojson
Table gis_osm_waterways_free_1 exists, analyzing differences...
Found [32m0 new geometries[0m, [33m0 updated geometries[0m, and [34m1177 identical geometries[0m. Skipping identical geometries...
Processing gis_osm_water_a_free_1.geojson
Table gis_osm_water_a_free_1 exists, analyzing differences...
Found [32m0 new geometries[0m, [33m0 updated geometries[0m, and [34m623 identical geometries[0m. Skipping identical geometries...
All tasks completed ✓
Summary of tasks: [32m0 new geometries added[0m, [33m0 geometries updated[0m, [34m268,169 duplicate geometries skipped[0m.
Database connection established ✓
Geometry columns renamed to 'geom'.
Processing gis_osm_buildings_a_free_1.geojson
Table gis_osm_buildings_a_free_1 exists, analyzing differences...
Found [green]0 new geometries[/], [yellow]0 updated geometries[/], and [blue]109180 identical geometries[/]. Skipping identical geometries...
Processing gis_osm_landuse_a_free_1.geojson
Table gis_osm_landuse_a_free_1 exists, analyzing differences...
Found [green]0 new geometries[/], [yellow]0 updated geometries[/], and [blue]5871 identical geometries[/]. Skipping identical geometries...
Processing gis_osm_natural_free_1.geojson
Table gis_osm_natural_free_1 exists, analyzing differences...
Found [green]0 new geometries[/], [yellow]0 updated geometries[/], and [blue]41186 identical geometries[/]. Skipping identical geometries...
Processing gis_osm_places_a_free_1.geojson
Table gis_osm_places_a_free_1 exists, analyzing differences...
Found [green]0 new geometries[/], [yellow]0 updated geometries[/], and [blue]44 identical geometries[/]. Skipping identical geometries...
Processing gis_osm_places_free_1.geojson
Table gis_osm_places_free_1 exists, analyzing differences...
Found [green]0 new geometries[/], [yellow]0 updated geometries[/], and [blue]372 identical geometries[/]. Skipping identical geometries...
Processing gis_osm_pofw_a_free_1.geojson
Table gis_osm_pofw_a_free_1 exists, analyzing differences...
Found [green]0 new geometries[/], [yellow]0 updated geometries[/], and [blue]95 identical geometries[/]. Skipping identical geometries...
Processing gis_osm_pois_a_free_1.geojson
Table gis_osm_pois_a_free_1 exists, analyzing differences...
Found [green]0 new geometries[/], [yellow]0 updated geometries[/], and [blue]3492 identical geometries[/]. Skipping identical geometries...
Processing gis_osm_pois_free_1.geojson
Table gis_osm_pois_free_1 exists, analyzing differences...
Found [green]0 new geometries[/], [yellow]0 updated geometries[/], and [blue]12920 identical geometries[/]. Skipping identical geometries...
Processing gis_osm_railways_free_1.geojson
Table gis_osm_railways_free_1 exists, analyzing differences...
Found [green]0 new geometries[/], [yellow]0 updated geometries[/], and [blue]1882 identical geometries[/]. Skipping identical geometries...
Processing gis_osm_roads_free_1.geojson
Table gis_osm_roads_free_1 exists, analyzing differences...
Found [green]0 new geometries[/], [yellow]0 updated geometries[/], and [blue]75597 identical geometries[/]. Skipping identical geometries...
Processing gis_osm_traffic_a_free_1.geojson
Table gis_osm_traffic_a_free_1 exists, analyzing differences...
Found [green]0 new geometries[/], [yellow]0 updated geometries[/], and [blue]3201 identical geometries[/]. Skipping identical geometries...
Processing gis_osm_traffic_free_1.geojson
Table gis_osm_traffic_free_1 exists, analyzing differences...
Found [green]0 new geometries[/], [yellow]0 updated geometries[/], and [blue]10791 identical geometries[/]. Skipping identical geometries...
Processing gis_osm_transport_a_free_1.geojson
Table gis_osm_transport_a_free_1 exists, analyzing differences...
Found [green]0 new geometries[/], [yellow]0 updated geometries[/], and [blue]3 identical geometries[/]. Skipping identical geometries...
Processing gis_osm_transport_free_1.geojson
Table gis_osm_transport_free_1 exists, analyzing differences...
Found [green]0 new geometries[/], [yellow]0 updated geometries[/], and [blue]1735 identical geometries[/]. Skipping identical geometries...
Processing gis_osm_waterways_free_1.geojson
Table gis_osm_waterways_free_1 exists, analyzing differences...
Found [green]0 new geometries[/], [yellow]0 updated geometries[/], and [blue]1177 identical geometries[/]. Skipping identical geometries...
Processing gis_osm_water_a_free_1.geojson
Table gis_osm_water_a_free_1 exists, analyzing differences...
Found [green]0 new geometries[/], [yellow]0 updated geometries[/], and [blue]623 identical geometries[/]. Skipping identical geometries...
All tasks completed ✓
Summary of tasks: [green]0 new geometries added[/], [yellow]0 geometries updated[/], [blue]268,169 duplicate geometries skipped[/]
Database connection established ✓
Geometry columns renamed to 'geom'.
Processing gis_osm_buildings_a_free_1.geojson
Table gis_osm_buildings_a_free_1 exists, analyzing differences...
Found [green]0 new[/] geometries, [yellow]0 updated[/] geometries, and [blue]109180 identical[/] geometries. Skipping identical geometries...
Processing gis_osm_landuse_a_free_1.geojson
Table gis_osm_landuse_a_free_1 exists, analyzing differences...
Found [green]0 new[/] geometries, [yellow]0 updated[/] geometries, and [blue]5871 identical[/] geometries. Skipping identical geometries...
Processing gis_osm_natural_free_1.geojson
Table gis_osm_natural_free_1 exists, analyzing differences...
Found [green]0 new[/] geometries, [yellow]0 updated[/] geometries, and [blue]41186 identical[/] geometries. Skipping identical geometries...
Processing gis_osm_places_a_free_1.geojson
Table gis_osm_places_a_free_1 exists, analyzing differences...
Found [green]0 new[/] geometries, [yellow]0 updated[/] geometries, and [blue]44 identical[/] geometries. Skipping identical geometries...
Processing gis_osm_places_free_1.geojson
Table gis_osm_places_free_1 exists, analyzing differences...
Found [green]0 new[/] geometries, [yellow]0 updated[/] geometries, and [blue]372 identical[/] geometries. Skipping identical geometries...
Processing gis_osm_pofw_a_free_1.geojson
Table gis_osm_pofw_a_free_1 exists, analyzing differences...
Found [green]0 new[/] geometries, [yellow]0 updated[/] geometries, and [blue]95 identical[/] geometries. Skipping identical geometries...
Processing gis_osm_pois_a_free_1.geojson
Table gis_osm_pois_a_free_1 exists, analyzing differences...
Found [green]0 new[/] geometries, [yellow]0 updated[/] geometries, and [blue]3492 identical[/] geometries. Skipping identical geometries...
Processing gis_osm_pois_free_1.geojson
Table gis_osm_pois_free_1 exists, analyzing differences...
Found [green]0 new[/] geometries, [yellow]0 updated[/] geometries, and [blue]12920 identical[/] geometries. Skipping identical geometries...
Processing gis_osm_railways_free_1.geojson
Table gis_osm_railways_free_1 exists, analyzing differences...
Found [green]0 new[/] geometries, [yellow]0 updated[/] geometries, and [blue]1882 identical[/] geometries. Skipping identical geometries...
Processing gis_osm_roads_free_1.geojson
Table gis_osm_roads_free_1 exists, analyzing differences...
Found [green]0 new[/] geometries, [yellow]0 updated[/] geometries, and [blue]75597 identical[/] geometries. Skipping identical geometries...
Processing gis_osm_traffic_a_free_1.geojson
Table gis_osm_traffic_a_free_1 exists, analyzing differences...
Found [green]0 new[/] geometries, [yellow]0 updated[/] geometries, and [blue]3201 identical[/] geometries. Skipping identical geometries...
Processing gis_osm_traffic_free_1.geojson
Table gis_osm_traffic_free_1 exists, analyzing differences...
Found [green]0 new[/] geometries, [yellow]0 updated[/] geometries, and [blue]10791 identical[/] geometries. Skipping identical geometries...
Processing gis_osm_transport_a_free_1.geojson
Table gis_osm_transport_a_free_1 exists, analyzing differences...
Found [green]0 new[/] geometries, [yellow]0 updated[/] geometries, and [blue]3 identical[/] geometries. Skipping identical geometries...
Processing gis_osm_transport_free_1.geojson
Table gis_osm_transport_free_1 exists, analyzing differences...
Found [green]0 new[/] geometries, [yellow]0 updated[/] geometries, and [blue]1735 identical[/] geometries. Skipping identical geometries...
Processing gis_osm_waterways_free_1.geojson
Table gis_osm_waterways_free_1 exists, analyzing differences...
Found [green]0 new[/] geometries, [yellow]0 updated[/] geometries, and [blue]1177 identical[/] geometries. Skipping identical geometries...
Processing gis_osm_water_a_free_1.geojson
Table gis_osm_water_a_free_1 exists, analyzing differences...
Found [green]0 new[/] geometries, [yellow]0 updated[/] geometries, and [blue]623 identical[/] geometries. Skipping identical geometries...
All tasks completed ✓
Summary of tasks: [green]0 new[/] geometries added, [yellow]0 updated[/] geometries, [blue]268,169 duplicate[/] geometries skipped
Database connection established ✓
Geometry columns renamed to 'geom'.
Processing gis_osm_buildings_a_free_1.geojson
Found 109180 new geometries to import into new table 'gis_osm_buildings_a_free_1'
Successfully imported 109180 geometries to new table 'gis_osm_buildings_a_free_1'
Spatial index created on table 'gis_osm_buildings_a_free_1'.
Processing gis_osm_landuse_a_free_1.geojson
Table gis_osm_landuse_a_free_1 exists, analyzing differences...
Found [green]0 new[/] geometries, [yellow]0 updated[/] geometries, and [blue]5871 identical[/] geometries. Skipping identical geometries...
Processing gis_osm_natural_free_1.geojson
Table gis_osm_natural_free_1 exists, analyzing differences...
Found [green]0 new[/] geometries, [yellow]0 updated[/] geometries, and [blue]41186 identical[/] geometries. Skipping identical geometries...
Processing gis_osm_places_a_free_1.geojson
Table gis_osm_places_a_free_1 exists, analyzing differences...
Found [green]0 new[/] geometries, [yellow]0 updated[/] geometries, and [blue]44 identical[/] geometries. Skipping identical geometries...
Processing gis_osm_places_free_1.geojson
Table gis_osm_places_free_1 exists, analyzing differences...
Found [green]0 new[/] geometries, [yellow]0 updated[/] geometries, and [blue]372 identical[/] geometries. Skipping identical geometries...
Processing gis_osm_pofw_a_free_1.geojson
Table gis_osm_pofw_a_free_1 exists, analyzing differences...
Found [green]0 new[/] geometries, [yellow]0 updated[/] geometries, and [blue]95 identical[/] geometries. Skipping identical geometries...
Processing gis_osm_pois_a_free_1.geojson
Table gis_osm_pois_a_free_1 exists, analyzing differences...
Found [green]0 new[/] geometries, [yellow]0 updated[/] geometries, and [blue]3492 identical[/] geometries. Skipping identical geometries...
Processing gis_osm_pois_free_1.geojson
Table gis_osm_pois_free_1 exists, analyzing differences...
Found [green]0 new[/] geometries, [yellow]0 updated[/] geometries, and [blue]12920 identical[/] geometries. Skipping identical geometries...
Processing gis_osm_railways_free_1.geojson
Found 1882 new geometries to import into new table 'gis_osm_railways_free_1'
Successfully imported 1882 geometries to new table 'gis_osm_railways_free_1'
Spatial index created on table 'gis_osm_railways_free_1'.
Processing gis_osm_roads_free_1.geojson
Table gis_osm_roads_free_1 exists, analyzing differences...
Found [green]0 new[/] geometries, [yellow]0 updated[/] geometries, and [blue]75597 identical[/] geometries. Skipping identical geometries...
Processing gis_osm_traffic_a_free_1.geojson
Table gis_osm_traffic_a_free_1 exists, analyzing differences...
Found [green]0 new[/] geometries, [yellow]0 updated[/] geometries, and [blue]3201 identical[/] geometries. Skipping identical geometries...
Processing gis_osm_traffic_free_1.geojson
Table gis_osm_traffic_free_1 exists, analyzing differences...
Found [green]0 new[/] geometries, [yellow]0 updated[/] geometries, and [blue]10791 identical[/] geometries. Skipping identical geometries...
Processing gis_osm_transport_a_free_1.geojson
Table gis_osm_transport_a_free_1 exists, analyzing differences...
Found [green]0 new[/] geometries, [yellow]0 updated[/] geometries, and [blue]3 identical[/] geometries. Skipping identical geometries...
Processing gis_osm_transport_free_1.geojson
Table gis_osm_transport_free_1 exists, analyzing differences...
Found [green]0 new[/] geometries, [yellow]0 updated[/] geometries, and [blue]1735 identical[/] geometries. Skipping identical geometries...
Processing gis_osm_waterways_free_1.geojson
Table gis_osm_waterways_free_1 exists, analyzing differences...
Found [green]0 new[/] geometries, [yellow]0 updated[/] geometries, and [blue]1177 identical[/] geometries. Skipping identical geometries...
Processing gis_osm_water_a_free_1.geojson
Table gis_osm_water_a_free_1 exists, analyzing differences...
Found [green]0 new[/] geometries, [yellow]0 updated[/] geometries, and [blue]623 identical[/] geometries. Skipping identical geometries...
All tasks completed ✓
Summary of tasks: [green]0 new[/] geometries added, [yellow]0 updated[/] geometries, [blue]157,107 duplicate[/] geometries skipped
Database connection established ✓
Database connection established ✓
Geometry columns renamed to 'geom'.
Processing gis_osm_railways_free_1.geojson
Table gis_osm_railways_free_1 exists, analyzing differences...
Found [green]0 new[/] geometries, [yellow]1882 updated[/] geometries, and [blue]0 identical[/] geometries. Skipping identical geometries...
Successfully updated 1882 geometries in gis_osm_railways_free_1
Processing gis_osm_water_a_free_1.geojson
Table gis_osm_water_a_free_1 exists, analyzing differences...
Found [green]0 new[/] geometries, [yellow]0 updated[/] geometries, and [blue]623 identical[/] geometries. Skipping identical geometries...
All tasks completed ✓
Summary of tasks: [green]0 new[/] geometries added, [yellow]1,882 updated[/] geometries, [blue]623 duplicate[/] geometries skipped
Database connection established ✓
Geometry columns renamed to 'geom'.
Processing railways.geojson
Found 1882 new geometries to import into new table 'railways'
Successfully imported 1882 geometries to new table 'railways'
Spatial index created on table 'railways'.
Processing water.geojson
Found 625 new geometries to import into new table 'water'
Successfully imported 625 geometries to new table 'water'
Spatial index created on table 'water'.
All tasks completed ✓
Summary of tasks: [green]2,507 new[/] geometries added, [yellow]0 updated[/] geometries, [blue]0 duplicate[/] geometries skipped
Database connection established ✓
Geometry columns renamed to 'geom'.
Processing railways.geojson
Found 1882 new geometries to import into new table 'railways'
Successfully imported 1882 geometries to new table 'railways'
Spatial index created on table 'railways'.
Processing water.geojson
Found 625 new geometries to import into new table 'water'
Successfully imported 625 geometries to new table 'water'
Spatial index created on table 'water'.
All tasks completed ✓
Summary of tasks: [green]2,507 new[/] geometries added, [yellow]0 updated[/] geometries, [blue]0 duplicate[/] geometries skipped
Database connection established ✓
Geometry columns renamed to 'geom'.
Processing railways.geojson
Table railways exists, analyzing differences...
Found [green]0 new[/] geometries, [yellow]0 updated[/] geometries, and [blue]1882 identical[/] geometries. Skipping identical geometries...
Processing water.geojson
Table water exists, analyzing differences...
Found [green]0 new[/] geometries, [yellow]0 updated[/] geometries, and [blue]623 identical[/] geometries. Skipping identical geometries...
All tasks completed ✓
Summary of tasks: [green]0 new[/] geometries added, [yellow]0 updated[/] geometries, [blue]2,505 duplicate[/] geometries skipped
Database connection established ✓
Geometry columns renamed to 'geom'.
Processing natural.geojson
Found 41186 new geometries to import into new table 'natural'
Successfully imported 41186 geometries to new table 'natural'
Spatial index created on table 'natural'.
Processing railways.geojson
Table railways exists, analyzing differences...
Found [green]0 new[/] geometries, [yellow]0 updated[/] geometries, and [blue]1882 identical[/] geometries. Skipping identical geometries...
Processing water.geojson
Table water exists, analyzing differences...
Found [green]0 new[/] geometries, [yellow]0 updated[/] geometries, and [blue]623 identical[/] geometries. Skipping identical geometries...
All tasks completed ✓
Summary of tasks: [green]41,186 new[/] geometries added, [yellow]0 updated[/] geometries, [blue]2,505 duplicate[/] geometries skipped
Database connection established ✓
Geometry columns renamed to 'geom'.
Processing natural.geojson
Table natural exists, analyzing differences...
Found [green]0 new[/] geometries, [yellow]0 updated[/] geometries, and [blue]41186 identical[/] geometries. Skipping identical geometries...
Processing railways.geojson
Table railways exists, analyzing differences...
Found [green]0 new[/] geometries, [yellow]0 updated[/] geometries, and [blue]1882 identical[/] geometries. Skipping identical geometries...
Processing water.geojson
Table water exists, analyzing differences...
Found [green]0 new[/] geometries, [yellow]0 updated[/] geometries, and [blue]623 identical[/] geometries. Skipping identical geometries...
All tasks completed ✓
Summary of tasks: [green]0 new[/] geometries added, [yellow]0 updated[/] geometries, [blue]43,691 duplicate[/] geometries skipped
Database connection established ✓
Geometry columns renamed to 'geom'.
Processing buildings.geojson
Found 109180 new geometries to import into new table 'buildings'
Successfully imported 109180 geometries to new table 'buildings'
Spatial index created on table 'buildings'.
Processing natural.geojson
Table natural exists, analyzing differences...
Found [green]0 new[/] geometries, [yellow]0 updated[/] geometries, and [blue]41186 identical[/] geometries. Skipping identical geometries...
Processing railways.geojson
Table railways exists, analyzing differences...
Found [green]0 new[/] geometries, [yellow]0 updated[/] geometries, and [blue]1882 identical[/] geometries. Skipping identical geometries...
Processing water.geojson
Table water exists, analyzing differences...
Found [green]0 new[/] geometries, [yellow]0 updated[/] geometries, and [blue]623 identical[/] geometries. Skipping identical geometries...
All tasks completed ✓
Summary of tasks: [green]109,180 new[/] geometries added, [yellow]0 updated[/] geometries, [blue]43,691 duplicate[/] geometries skipped
Database connection established ✓
Geometry columns renamed to 'geom'.
Processing buildings.geojson
Found 109180 new geometries to import into new table 'buildings'
Successfully imported 109180 geometries to new table 'buildings'
Spatial index created on table 'buildings'.
Processing natural.geojson
Table natural exists, analyzing differences...
Found [green]0 new[/] geometries, [yellow]41186 updated[/] geometries, and [blue]0 identical[/] geometries. Skipping identical geometries...
Error updating geometries: (psycopg2.errors.UndefinedColumn) column "new" of relation "natural" does not exist
LINE 3: ... code = s.code, fclass = s.fclass, name = s.name, new = s.ne...
                                                             ^

[SQL: 
                UPDATE "natural" t
                SET code = s.code, fclass = s.fclass, name = s.name, new = s.new, neww = s.neww, geom = s.geom
                FROM "temp_natural" s
                WHERE t.osm_id = s.osm_id
            ]
(Background on this error at: https://sqlalche.me/e/20/f405)
Processing railways.geojson
Table railways exists, analyzing differences...
Found [green]0 new[/] geometries, [yellow]0 updated[/] geometries, and [blue]1882 identical[/] geometries. Skipping identical geometries...
Processing water.geojson
Table water exists, analyzing differences...
Found [green]0 new[/] geometries, [yellow]0 updated[/] geometries, and [blue]623 identical[/] geometries. Skipping identical geometries...
All tasks completed ✓
Summary of tasks: [green]109,180 new[/] geometries added, [yellow]41,186 updated[/] geometries, [blue]2,505 duplicate[/] geometries skipped
Database connection established ✓
Geometry columns renamed to 'geom'.
Processing natural.geojson
Found 41186 new geometries to import into new table 'natural'
Successfully imported 41186 geometries to new table 'natural'
Spatial index created on table 'natural'.
Processing railways.geojson
Table railways exists, analyzing differences...
Found [green]0 new[/] geometries, [yellow]0 updated[/] geometries, and [blue]1882 identical[/] geometries. Skipping identical geometries...
Processing water.geojson
Table water exists, analyzing differences...
Found [green]0 new[/] geometries, [yellow]0 updated[/] geometries, and [blue]623 identical[/] geometries. Skipping identical geometries...
All tasks completed ✓
Summary of tasks: [green]41,186 new[/] geometries added, [yellow]0 updated[/] geometries, [blue]2,505 duplicate[/] geometries skipped
Database connection established ✓
Geometry columns renamed to 'geom'.
Processing natural.geojson
Table natural exists, analyzing differences...
Found [green]0 new[/] geometries, [yellow]0 updated[/] geometries, and [blue]41186 identical[/] geometries. Skipping identical geometries...
Processing railways.geojson
Table railways exists, analyzing differences...
Found [green]0 new[/] geometries, [yellow]0 updated[/] geometries, and [blue]1882 identical[/] geometries. Skipping identical geometries...
Processing water.geojson
Table water exists, analyzing differences...
Found [green]0 new[/] geometries, [yellow]0 updated[/] geometries, and [blue]623 identical[/] geometries. Skipping identical geometries...
All tasks completed ✓
Summary of tasks: [green]0 new[/] geometries added, [yellow]0 updated[/] geometries, [blue]43,691 duplicate[/] geometries skipped
Database connection established ✓
Geometry columns renamed to 'geom'.
Processing buildings.geojson
Found 109180 new geometries to import into new table 'buildings'
Successfully imported 109180 geometries to new table 'buildings'
Spatial index created on table 'buildings'.
Processing natural.geojson
Table natural exists, analyzing differences...
Found [green]0 new[/] geometries, [yellow]41186 updated[/] geometries, and [blue]0 identical[/] geometries. Skipping identical geometries...
Adding new column 'terrain' with type TEXT
Successfully updated 41186 geometries in natural
Processing railways.geojson
Table railways exists, analyzing differences...
Found [green]0 new[/] geometries, [yellow]0 updated[/] geometries, and [blue]1882 identical[/] geometries. Skipping identical geometries...
Processing water.geojson
Table water exists, analyzing differences...
Found [green]0 new[/] geometries, [yellow]0 updated[/] geometries, and [blue]623 identical[/] geometries. Skipping identical geometries...
All tasks completed ✓
Summary of tasks: [green]109,180 new[/] geometries added, [yellow]41,186 updated[/] geometries, [blue]2,505 duplicate[/] geometries skipped
